INFO - 2024-08-14 16:24:10 --> Session: Class initialized using 'CodeIgniter\Session\Handlers\FileHandler' driver.
WARNING - 2024-08-14 16:24:10 --> [DEPRECATED] Creation of dynamic property App\Controllers\Login::$session is deprecated in APPPATH\Controllers\Login.php on line 10.
 1 SYSTEMPATH\CodeIgniter.php(913): App\Controllers\Login->__construct()
 2 SYSTEMPATH\CodeIgniter.php(493): CodeIgniter\CodeIgniter->createController()
 3 SYSTEMPATH\CodeIgniter.php(361): CodeIgniter\CodeIgniter->handleRequest(null, Object(Config\Cache), false)
 4 FCPATH\index.php(79): CodeIgniter\CodeIgniter->run()
INFO - 2024-08-14 16:40:46 --> Session: Class initialized using 'CodeIgniter\Session\Handlers\FileHandler' driver.
WARNING - 2024-08-14 16:40:46 --> [DEPRECATED] Creation of dynamic property App\Controllers\Login::$session is deprecated in APPPATH\Controllers\Login.php on line 10.
 1 SYSTEMPATH\CodeIgniter.php(913): App\Controllers\Login->__construct()
 2 SYSTEMPATH\CodeIgniter.php(493): CodeIgniter\CodeIgniter->createController()
 3 SYSTEMPATH\CodeIgniter.php(361): CodeIgniter\CodeIgniter->handleRequest(null, Object(Config\Cache), false)
 4 FCPATH\index.php(79): CodeIgniter\CodeIgniter->run()
INFO - 2024-08-14 16:40:47 --> Session: Class initialized using 'CodeIgniter\Session\Handlers\FileHandler' driver.
WARNING - 2024-08-14 16:40:47 --> [DEPRECATED] Creation of dynamic property App\Controllers\Home::$session is deprecated in APPPATH\Controllers\Home.php on line 12.
 1 SYSTEMPATH\CodeIgniter.php(913): App\Controllers\Home->__construct()
 2 SYSTEMPATH\CodeIgniter.php(493): CodeIgniter\CodeIgniter->createController()
 3 SYSTEMPATH\CodeIgniter.php(361): CodeIgniter\CodeIgniter->handleRequest(null, Object(Config\Cache), false)
 4 FCPATH\index.php(79): CodeIgniter\CodeIgniter->run()
INFO - 2024-08-14 16:40:55 --> Session: Class initialized using 'CodeIgniter\Session\Handlers\FileHandler' driver.
WARNING - 2024-08-14 16:40:55 --> [DEPRECATED] Creation of dynamic property App\Controllers\Aluno::$session is deprecated in APPPATH\Controllers\Aluno.php on line 15.
 1 SYSTEMPATH\CodeIgniter.php(913): App\Controllers\Aluno->__construct()
 2 SYSTEMPATH\CodeIgniter.php(493): CodeIgniter\CodeIgniter->createController()
 3 SYSTEMPATH\CodeIgniter.php(361): CodeIgniter\CodeIgniter->handleRequest(null, Object(Config\Cache), false)
 4 FCPATH\index.php(79): CodeIgniter\CodeIgniter->run()
INFO - 2024-08-14 16:40:58 --> Session: Class initialized using 'CodeIgniter\Session\Handlers\FileHandler' driver.
WARNING - 2024-08-14 16:40:58 --> [DEPRECATED] Creation of dynamic property App\Controllers\Usuario::$session is deprecated in APPPATH\Controllers\Usuario.php on line 15.
 1 SYSTEMPATH\CodeIgniter.php(913): App\Controllers\Usuario->__construct()
 2 SYSTEMPATH\CodeIgniter.php(493): CodeIgniter\CodeIgniter->createController()
 3 SYSTEMPATH\CodeIgniter.php(361): CodeIgniter\CodeIgniter->handleRequest(null, Object(Config\Cache), false)
 4 FCPATH\index.php(79): CodeIgniter\CodeIgniter->run()
INFO - 2024-08-14 16:43:12 --> Session: Class initialized using 'CodeIgniter\Session\Handlers\FileHandler' driver.
WARNING - 2024-08-14 16:43:12 --> [DEPRECATED] Creation of dynamic property App\Controllers\Usuario::$session is deprecated in APPPATH\Controllers\Usuario.php on line 15.
 1 SYSTEMPATH\CodeIgniter.php(913): App\Controllers\Usuario->__construct()
 2 SYSTEMPATH\CodeIgniter.php(493): CodeIgniter\CodeIgniter->createController()
 3 SYSTEMPATH\CodeIgniter.php(361): CodeIgniter\CodeIgniter->handleRequest(null, Object(Config\Cache), false)
 4 FCPATH\index.php(79): CodeIgniter\CodeIgniter->run()
CRITICAL - 2024-08-14 16:43:12 --> ErrorException: Undefined variable $u
in APPPATH\Views\usuario\index.php on line 3.
 1 APPPATH\Views\usuario\index.php(3): CodeIgniter\Debug\Exceptions->errorHandler(2, 'Undefined variable $u', 'C:\\xampp\\htdocs\\ci4_biblioteca\\app\\Views\\usuario\\index.php', 3)
 2 SYSTEMPATH\View\View.php(228): include('C:\\xampp\\htdocs\\ci4_biblioteca\\app\\Views\\usuario\\index.php')
 3 SYSTEMPATH\View\View.php(231): CodeIgniter\View\View->CodeIgniter\View\{closure}()
 4 SYSTEMPATH\Common.php(1178): CodeIgniter\View\View->render('usuario/index.php', [], true)
 5 APPPATH\Controllers\Usuario.php(22): view('usuario/index.php', [...])
 6 SYSTEMPATH\CodeIgniter.php(941): App\Controllers\Usuario->index()
 7 SYSTEMPATH\CodeIgniter.php(502): CodeIgniter\CodeIgniter->runController(Object(App\Controllers\Usuario))
 8 SYSTEMPATH\CodeIgniter.php(361): CodeIgniter\CodeIgniter->handleRequest(null, Object(Config\Cache), false)
 9 FCPATH\index.php(79): CodeIgniter\CodeIgniter->run()
INFO - 2024-08-14 16:43:22 --> Session: Class initialized using 'CodeIgniter\Session\Handlers\FileHandler' driver.
WARNING - 2024-08-14 16:43:22 --> [DEPRECATED] Creation of dynamic property App\Controllers\Usuario::$session is deprecated in APPPATH\Controllers\Usuario.php on line 15.
 1 SYSTEMPATH\CodeIgniter.php(913): App\Controllers\Usuario->__construct()
 2 SYSTEMPATH\CodeIgniter.php(493): CodeIgniter\CodeIgniter->createController()
 3 SYSTEMPATH\CodeIgniter.php(361): CodeIgniter\CodeIgniter->handleRequest(null, Object(Config\Cache), false)
 4 FCPATH\index.php(79): CodeIgniter\CodeIgniter->run()
CRITICAL - 2024-08-14 16:43:22 --> ErrorException: Undefined variable $u
in APPPATH\Views\usuario\index.php on line 3.
 1 APPPATH\Views\usuario\index.php(3): CodeIgniter\Debug\Exceptions->errorHandler(2, 'Undefined variable $u', 'C:\\xampp\\htdocs\\ci4_biblioteca\\app\\Views\\usuario\\index.php', 3)
 2 SYSTEMPATH\View\View.php(228): include('C:\\xampp\\htdocs\\ci4_biblioteca\\app\\Views\\usuario\\index.php')
 3 SYSTEMPATH\View\View.php(231): CodeIgniter\View\View->CodeIgniter\View\{closure}()
 4 SYSTEMPATH\Common.php(1178): CodeIgniter\View\View->render('usuario/index.php', [], true)
 5 APPPATH\Controllers\Usuario.php(22): view('usuario/index.php', [...])
 6 SYSTEMPATH\CodeIgniter.php(941): App\Controllers\Usuario->index()
 7 SYSTEMPATH\CodeIgniter.php(502): CodeIgniter\CodeIgniter->runController(Object(App\Controllers\Usuario))
 8 SYSTEMPATH\CodeIgniter.php(361): CodeIgniter\CodeIgniter->handleRequest(null, Object(Config\Cache), false)
 9 FCPATH\index.php(79): CodeIgniter\CodeIgniter->run()
INFO - 2024-08-14 16:43:24 --> Session: Class initialized using 'CodeIgniter\Session\Handlers\FileHandler' driver.
WARNING - 2024-08-14 16:43:24 --> [DEPRECATED] Creation of dynamic property App\Controllers\Aluno::$session is deprecated in APPPATH\Controllers\Aluno.php on line 15.
 1 SYSTEMPATH\CodeIgniter.php(913): App\Controllers\Aluno->__construct()
 2 SYSTEMPATH\CodeIgniter.php(493): CodeIgniter\CodeIgniter->createController()
 3 SYSTEMPATH\CodeIgniter.php(361): CodeIgniter\CodeIgniter->handleRequest(null, Object(Config\Cache), false)
 4 FCPATH\index.php(79): CodeIgniter\CodeIgniter->run()
INFO - 2024-08-14 16:43:55 --> Session: Class initialized using 'CodeIgniter\Session\Handlers\FileHandler' driver.
WARNING - 2024-08-14 16:43:55 --> [DEPRECATED] Creation of dynamic property App\Controllers\Usuario::$session is deprecated in APPPATH\Controllers\Usuario.php on line 15.
 1 SYSTEMPATH\CodeIgniter.php(913): App\Controllers\Usuario->__construct()
 2 SYSTEMPATH\CodeIgniter.php(493): CodeIgniter\CodeIgniter->createController()
 3 SYSTEMPATH\CodeIgniter.php(361): CodeIgniter\CodeIgniter->handleRequest(null, Object(Config\Cache), false)
 4 FCPATH\index.php(79): CodeIgniter\CodeIgniter->run()
INFO - 2024-08-14 16:44:24 --> Session: Class initialized using 'CodeIgniter\Session\Handlers\FileHandler' driver.
WARNING - 2024-08-14 16:44:24 --> [DEPRECATED] Creation of dynamic property App\Controllers\Usuario::$session is deprecated in APPPATH\Controllers\Usuario.php on line 15.
 1 SYSTEMPATH\CodeIgniter.php(913): App\Controllers\Usuario->__construct()
 2 SYSTEMPATH\CodeIgniter.php(493): CodeIgniter\CodeIgniter->createController()
 3 SYSTEMPATH\CodeIgniter.php(361): CodeIgniter\CodeIgniter->handleRequest(null, Object(Config\Cache), false)
 4 FCPATH\index.php(79): CodeIgniter\CodeIgniter->run()
INFO - 2024-08-14 16:45:10 --> Session: Class initialized using 'CodeIgniter\Session\Handlers\FileHandler' driver.
WARNING - 2024-08-14 16:45:10 --> [DEPRECATED] Creation of dynamic property App\Controllers\Usuario::$session is deprecated in APPPATH\Controllers\Usuario.php on line 15.
 1 SYSTEMPATH\CodeIgniter.php(913): App\Controllers\Usuario->__construct()
 2 SYSTEMPATH\CodeIgniter.php(493): CodeIgniter\CodeIgniter->createController()
 3 SYSTEMPATH\CodeIgniter.php(361): CodeIgniter\CodeIgniter->handleRequest(null, Object(Config\Cache), false)
 4 FCPATH\index.php(79): CodeIgniter\CodeIgniter->run()
INFO - 2024-08-14 16:45:14 --> Session: Class initialized using 'CodeIgniter\Session\Handlers\FileHandler' driver.
WARNING - 2024-08-14 16:45:14 --> [DEPRECATED] Creation of dynamic property App\Controllers\Usuario::$session is deprecated in APPPATH\Controllers\Usuario.php on line 15.
 1 SYSTEMPATH\CodeIgniter.php(913): App\Controllers\Usuario->__construct()
 2 SYSTEMPATH\CodeIgniter.php(493): CodeIgniter\CodeIgniter->createController()
 3 SYSTEMPATH\CodeIgniter.php(361): CodeIgniter\CodeIgniter->handleRequest(null, Object(Config\Cache), false)
 4 FCPATH\index.php(79): CodeIgniter\CodeIgniter->run()
INFO - 2024-08-14 16:45:51 --> Session: Class initialized using 'CodeIgniter\Session\Handlers\FileHandler' driver.
WARNING - 2024-08-14 16:45:51 --> [DEPRECATED] Creation of dynamic property App\Controllers\Usuario::$session is deprecated in APPPATH\Controllers\Usuario.php on line 15.
 1 SYSTEMPATH\CodeIgniter.php(913): App\Controllers\Usuario->__construct()
 2 SYSTEMPATH\CodeIgniter.php(493): CodeIgniter\CodeIgniter->createController()
 3 SYSTEMPATH\CodeIgniter.php(361): CodeIgniter\CodeIgniter->handleRequest(null, Object(Config\Cache), false)
 4 FCPATH\index.php(79): CodeIgniter\CodeIgniter->run()
INFO - 2024-08-14 16:45:55 --> Session: Class initialized using 'CodeIgniter\Session\Handlers\FileHandler' driver.
WARNING - 2024-08-14 16:45:55 --> [DEPRECATED] Creation of dynamic property App\Controllers\Usuario::$session is deprecated in APPPATH\Controllers\Usuario.php on line 15.
 1 SYSTEMPATH\CodeIgniter.php(913): App\Controllers\Usuario->__construct()
 2 SYSTEMPATH\CodeIgniter.php(493): CodeIgniter\CodeIgniter->createController()
 3 SYSTEMPATH\CodeIgniter.php(361): CodeIgniter\CodeIgniter->handleRequest(null, Object(Config\Cache), false)
 4 FCPATH\index.php(79): CodeIgniter\CodeIgniter->run()
INFO - 2024-08-14 16:46:18 --> Session: Class initialized using 'CodeIgniter\Session\Handlers\FileHandler' driver.
WARNING - 2024-08-14 16:46:18 --> [DEPRECATED] Creation of dynamic property App\Controllers\Usuario::$session is deprecated in APPPATH\Controllers\Usuario.php on line 15.
 1 SYSTEMPATH\CodeIgniter.php(913): App\Controllers\Usuario->__construct()
 2 SYSTEMPATH\CodeIgniter.php(493): CodeIgniter\CodeIgniter->createController()
 3 SYSTEMPATH\CodeIgniter.php(361): CodeIgniter\CodeIgniter->handleRequest(null, Object(Config\Cache), false)
 4 FCPATH\index.php(79): CodeIgniter\CodeIgniter->run()
CRITICAL - 2024-08-14 16:46:18 --> ErrorException: Undefined variable $u
in APPPATH\Views\usuario\index.php on line 3.
 1 APPPATH\Views\usuario\index.php(3): CodeIgniter\Debug\Exceptions->errorHandler(2, 'Undefined variable $u', 'C:\\xampp\\htdocs\\ci4_biblioteca\\app\\Views\\usuario\\index.php', 3)
 2 SYSTEMPATH\View\View.php(228): include('C:\\xampp\\htdocs\\ci4_biblioteca\\app\\Views\\usuario\\index.php')
 3 SYSTEMPATH\View\View.php(231): CodeIgniter\View\View->CodeIgniter\View\{closure}()
 4 SYSTEMPATH\Common.php(1178): CodeIgniter\View\View->render('usuario/index.php', [], true)
 5 APPPATH\Controllers\Usuario.php(22): view('usuario/index.php', [...])
 6 SYSTEMPATH\CodeIgniter.php(941): App\Controllers\Usuario->index()
 7 SYSTEMPATH\CodeIgniter.php(502): CodeIgniter\CodeIgniter->runController(Object(App\Controllers\Usuario))
 8 SYSTEMPATH\CodeIgniter.php(361): CodeIgniter\CodeIgniter->handleRequest(null, Object(Config\Cache), false)
 9 FCPATH\index.php(79): CodeIgniter\CodeIgniter->run()
INFO - 2024-08-14 16:46:52 --> Session: Class initialized using 'CodeIgniter\Session\Handlers\FileHandler' driver.
WARNING - 2024-08-14 16:46:52 --> [DEPRECATED] Creation of dynamic property App\Controllers\Usuario::$session is deprecated in APPPATH\Controllers\Usuario.php on line 15.
 1 SYSTEMPATH\CodeIgniter.php(913): App\Controllers\Usuario->__construct()
 2 SYSTEMPATH\CodeIgniter.php(493): CodeIgniter\CodeIgniter->createController()
 3 SYSTEMPATH\CodeIgniter.php(361): CodeIgniter\CodeIgniter->handleRequest(null, Object(Config\Cache), false)
 4 FCPATH\index.php(79): CodeIgniter\CodeIgniter->run()
INFO - 2024-08-14 16:46:55 --> Session: Class initialized using 'CodeIgniter\Session\Handlers\FileHandler' driver.
WARNING - 2024-08-14 16:46:55 --> [DEPRECATED] Creation of dynamic property App\Controllers\Usuario::$session is deprecated in APPPATH\Controllers\Usuario.php on line 15.
 1 SYSTEMPATH\CodeIgniter.php(913): App\Controllers\Usuario->__construct()
 2 SYSTEMPATH\CodeIgniter.php(493): CodeIgniter\CodeIgniter->createController()
 3 SYSTEMPATH\CodeIgniter.php(361): CodeIgniter\CodeIgniter->handleRequest(null, Object(Config\Cache), false)
 4 FCPATH\index.php(79): CodeIgniter\CodeIgniter->run()
INFO - 2024-08-14 16:47:33 --> Session: Class initialized using 'CodeIgniter\Session\Handlers\FileHandler' driver.
WARNING - 2024-08-14 16:47:33 --> [DEPRECATED] Creation of dynamic property App\Controllers\Usuario::$session is deprecated in APPPATH\Controllers\Usuario.php on line 15.
 1 SYSTEMPATH\CodeIgniter.php(913): App\Controllers\Usuario->__construct()
 2 SYSTEMPATH\CodeIgniter.php(493): CodeIgniter\CodeIgniter->createController()
 3 SYSTEMPATH\CodeIgniter.php(361): CodeIgniter\CodeIgniter->handleRequest(null, Object(Config\Cache), false)
 4 FCPATH\index.php(79): CodeIgniter\CodeIgniter->run()
INFO - 2024-08-14 16:47:34 --> Session: Class initialized using 'CodeIgniter\Session\Handlers\FileHandler' driver.
WARNING - 2024-08-14 16:47:34 --> [DEPRECATED] Creation of dynamic property App\Controllers\Usuario::$session is deprecated in APPPATH\Controllers\Usuario.php on line 15.
 1 SYSTEMPATH\CodeIgniter.php(913): App\Controllers\Usuario->__construct()
 2 SYSTEMPATH\CodeIgniter.php(493): CodeIgniter\CodeIgniter->createController()
 3 SYSTEMPATH\CodeIgniter.php(361): CodeIgniter\CodeIgniter->handleRequest(null, Object(Config\Cache), false)
 4 FCPATH\index.php(79): CodeIgniter\CodeIgniter->run()
INFO - 2024-08-14 16:47:44 --> Session: Class initialized using 'CodeIgniter\Session\Handlers\FileHandler' driver.
WARNING - 2024-08-14 16:47:44 --> [DEPRECATED] Creation of dynamic property App\Controllers\Usuario::$session is deprecated in APPPATH\Controllers\Usuario.php on line 15.
 1 SYSTEMPATH\CodeIgniter.php(913): App\Controllers\Usuario->__construct()
 2 SYSTEMPATH\CodeIgniter.php(493): CodeIgniter\CodeIgniter->createController()
 3 SYSTEMPATH\CodeIgniter.php(361): CodeIgniter\CodeIgniter->handleRequest(null, Object(Config\Cache), false)
 4 FCPATH\index.php(79): CodeIgniter\CodeIgniter->run()
INFO - 2024-08-14 16:50:42 --> Session: Class initialized using 'CodeIgniter\Session\Handlers\FileHandler' driver.
WARNING - 2024-08-14 16:50:42 --> [DEPRECATED] Creation of dynamic property App\Controllers\Usuario::$session is deprecated in APPPATH\Controllers\Usuario.php on line 15.
 1 SYSTEMPATH\CodeIgniter.php(913): App\Controllers\Usuario->__construct()
 2 SYSTEMPATH\CodeIgniter.php(493): CodeIgniter\CodeIgniter->createController()
 3 SYSTEMPATH\CodeIgniter.php(361): CodeIgniter\CodeIgniter->handleRequest(null, Object(Config\Cache), false)
 4 FCPATH\index.php(79): CodeIgniter\CodeIgniter->run()
INFO - 2024-08-14 16:50:56 --> Session: Class initialized using 'CodeIgniter\Session\Handlers\FileHandler' driver.
WARNING - 2024-08-14 16:50:56 --> [DEPRECATED] Creation of dynamic property App\Controllers\Usuario::$session is deprecated in APPPATH\Controllers\Usuario.php on line 15.
 1 SYSTEMPATH\CodeIgniter.php(913): App\Controllers\Usuario->__construct()
 2 SYSTEMPATH\CodeIgniter.php(493): CodeIgniter\CodeIgniter->createController()
 3 SYSTEMPATH\CodeIgniter.php(361): CodeIgniter\CodeIgniter->handleRequest(null, Object(Config\Cache), false)
 4 FCPATH\index.php(79): CodeIgniter\CodeIgniter->run()
INFO - 2024-08-14 16:55:55 --> Session: Class initialized using 'CodeIgniter\Session\Handlers\FileHandler' driver.
WARNING - 2024-08-14 16:55:55 --> [DEPRECATED] Creation of dynamic property App\Controllers\Usuario::$session is deprecated in APPPATH\Controllers\Usuario.php on line 15.
 1 SYSTEMPATH\CodeIgniter.php(913): App\Controllers\Usuario->__construct()
 2 SYSTEMPATH\CodeIgniter.php(493): CodeIgniter\CodeIgniter->createController()
 3 SYSTEMPATH\CodeIgniter.php(361): CodeIgniter\CodeIgniter->handleRequest(null, Object(Config\Cache), false)
 4 FCPATH\index.php(79): CodeIgniter\CodeIgniter->run()
INFO - 2024-08-14 16:56:02 --> Session: Class initialized using 'CodeIgniter\Session\Handlers\FileHandler' driver.
WARNING - 2024-08-14 16:56:02 --> [DEPRECATED] Creation of dynamic property App\Controllers\Usuario::$session is deprecated in APPPATH\Controllers\Usuario.php on line 15.
 1 SYSTEMPATH\CodeIgniter.php(913): App\Controllers\Usuario->__construct()
 2 SYSTEMPATH\CodeIgniter.php(493): CodeIgniter\CodeIgniter->createController()
 3 SYSTEMPATH\CodeIgniter.php(361): CodeIgniter\CodeIgniter->handleRequest(null, Object(Config\Cache), false)
 4 FCPATH\index.php(79): CodeIgniter\CodeIgniter->run()
CRITICAL - 2024-08-14 16:56:02 --> CodeIgniter\View\Exceptions\ViewException: Invalid file: "usuario/resuldado.php"
in SYSTEMPATH\Exceptions\FrameworkException.php on line 39.
 1 SYSTEMPATH\View\View.php(216): CodeIgniter\Exceptions\FrameworkException::forInvalidFile('usuario/resuldado.php')
 2 SYSTEMPATH\Common.php(1178): CodeIgniter\View\View->render('usuario/resuldado', [], true)
 3 APPPATH\Controllers\Usuario.php(49): view('usuario/resuldado', [...])
 4 SYSTEMPATH\CodeIgniter.php(941): App\Controllers\Usuario->resultado()
 5 SYSTEMPATH\CodeIgniter.php(502): CodeIgniter\CodeIgniter->runController(Object(App\Controllers\Usuario))
 6 SYSTEMPATH\CodeIgniter.php(361): CodeIgniter\CodeIgniter->handleRequest(null, Object(Config\Cache), false)
 7 FCPATH\index.php(79): CodeIgniter\CodeIgniter->run()
INFO - 2024-08-14 16:56:11 --> Session: Class initialized using 'CodeIgniter\Session\Handlers\FileHandler' driver.
WARNING - 2024-08-14 16:56:11 --> [DEPRECATED] Creation of dynamic property App\Controllers\Usuario::$session is deprecated in APPPATH\Controllers\Usuario.php on line 15.
 1 SYSTEMPATH\CodeIgniter.php(913): App\Controllers\Usuario->__construct()
 2 SYSTEMPATH\CodeIgniter.php(493): CodeIgniter\CodeIgniter->createController()
 3 SYSTEMPATH\CodeIgniter.php(361): CodeIgniter\CodeIgniter->handleRequest(null, Object(Config\Cache), false)
 4 FCPATH\index.php(79): CodeIgniter\CodeIgniter->run()
INFO - 2024-08-14 17:07:30 --> Session: Class initialized using 'CodeIgniter\Session\Handlers\FileHandler' driver.
WARNING - 2024-08-14 17:07:30 --> [DEPRECATED] Creation of dynamic property App\Controllers\Usuario::$session is deprecated in APPPATH\Controllers\Usuario.php on line 15.
 1 SYSTEMPATH\CodeIgniter.php(913): App\Controllers\Usuario->__construct()
 2 SYSTEMPATH\CodeIgniter.php(493): CodeIgniter\CodeIgniter->createController()
 3 SYSTEMPATH\CodeIgniter.php(361): CodeIgniter\CodeIgniter->handleRequest(null, Object(Config\Cache), false)
 4 FCPATH\index.php(79): CodeIgniter\CodeIgniter->run()
INFO - 2024-08-14 17:39:27 --> Session: Class initialized using 'CodeIgniter\Session\Handlers\FileHandler' driver.
WARNING - 2024-08-14 17:39:27 --> [DEPRECATED] Creation of dynamic property App\Controllers\Usuario::$session is deprecated in APPPATH\Controllers\Usuario.php on line 15.
 1 SYSTEMPATH\CodeIgniter.php(913): App\Controllers\Usuario->__construct()
 2 SYSTEMPATH\CodeIgniter.php(493): CodeIgniter\CodeIgniter->createController()
 3 SYSTEMPATH\CodeIgniter.php(361): CodeIgniter\CodeIgniter->handleRequest(null, Object(Config\Cache), false)
 4 FCPATH\index.php(79): CodeIgniter\CodeIgniter->run()
INFO - 2024-08-14 17:46:54 --> Session: Class initialized using 'CodeIgniter\Session\Handlers\FileHandler' driver.
WARNING - 2024-08-14 17:46:54 --> [DEPRECATED] Creation of dynamic property App\Controllers\Usuario::$session is deprecated in APPPATH\Controllers\Usuario.php on line 15.
 1 SYSTEMPATH\CodeIgniter.php(913): App\Controllers\Usuario->__construct()
 2 SYSTEMPATH\CodeIgniter.php(493): CodeIgniter\CodeIgniter->createController()
 3 SYSTEMPATH\CodeIgniter.php(361): CodeIgniter\CodeIgniter->handleRequest(null, Object(Config\Cache), false)
 4 FCPATH\index.php(79): CodeIgniter\CodeIgniter->run()
INFO - 2024-08-14 17:47:02 --> Session: Class initialized using 'CodeIgniter\Session\Handlers\FileHandler' driver.
WARNING - 2024-08-14 17:47:02 --> [DEPRECATED] Creation of dynamic property App\Controllers\Usuario::$session is deprecated in APPPATH\Controllers\Usuario.php on line 15.
 1 SYSTEMPATH\CodeIgniter.php(913): App\Controllers\Usuario->__construct()
 2 SYSTEMPATH\CodeIgniter.php(493): CodeIgniter\CodeIgniter->createController()
 3 SYSTEMPATH\CodeIgniter.php(361): CodeIgniter\CodeIgniter->handleRequest(null, Object(Config\Cache), false)
 4 FCPATH\index.php(79): CodeIgniter\CodeIgniter->run()
INFO - 2024-08-14 17:47:05 --> Session: Class initialized using 'CodeIgniter\Session\Handlers\FileHandler' driver.
WARNING - 2024-08-14 17:47:05 --> [DEPRECATED] Creation of dynamic property App\Controllers\Usuario::$session is deprecated in APPPATH\Controllers\Usuario.php on line 15.
 1 SYSTEMPATH\CodeIgniter.php(913): App\Controllers\Usuario->__construct()
 2 SYSTEMPATH\CodeIgniter.php(493): CodeIgniter\CodeIgniter->createController()
 3 SYSTEMPATH\CodeIgniter.php(361): CodeIgniter\CodeIgniter->handleRequest(null, Object(Config\Cache), false)
 4 FCPATH\index.php(79): CodeIgniter\CodeIgniter->run()
INFO - 2024-08-14 17:47:07 --> Session: Class initialized using 'CodeIgniter\Session\Handlers\FileHandler' driver.
WARNING - 2024-08-14 17:47:07 --> [DEPRECATED] Creation of dynamic property App\Controllers\Usuario::$session is deprecated in APPPATH\Controllers\Usuario.php on line 15.
 1 SYSTEMPATH\CodeIgniter.php(913): App\Controllers\Usuario->__construct()
 2 SYSTEMPATH\CodeIgniter.php(493): CodeIgniter\CodeIgniter->createController()
 3 SYSTEMPATH\CodeIgniter.php(361): CodeIgniter\CodeIgniter->handleRequest(null, Object(Config\Cache), false)
 4 FCPATH\index.php(79): CodeIgniter\CodeIgniter->run()
INFO - 2024-08-14 17:51:58 --> Session: Class initialized using 'CodeIgniter\Session\Handlers\FileHandler' driver.
WARNING - 2024-08-14 17:51:58 --> [DEPRECATED] Creation of dynamic property App\Controllers\Usuario::$session is deprecated in APPPATH\Controllers\Usuario.php on line 15.
 1 SYSTEMPATH\CodeIgniter.php(913): App\Controllers\Usuario->__construct()
 2 SYSTEMPATH\CodeIgniter.php(493): CodeIgniter\CodeIgniter->createController()
 3 SYSTEMPATH\CodeIgniter.php(361): CodeIgniter\CodeIgniter->handleRequest(null, Object(Config\Cache), false)
 4 FCPATH\index.php(79): CodeIgniter\CodeIgniter->run()
INFO - 2024-08-14 17:52:00 --> Session: Class initialized using 'CodeIgniter\Session\Handlers\FileHandler' driver.
WARNING - 2024-08-14 17:52:00 --> [DEPRECATED] Creation of dynamic property App\Controllers\Usuario::$session is deprecated in APPPATH\Controllers\Usuario.php on line 15.
 1 SYSTEMPATH\CodeIgniter.php(913): App\Controllers\Usuario->__construct()
 2 SYSTEMPATH\CodeIgniter.php(493): CodeIgniter\CodeIgniter->createController()
 3 SYSTEMPATH\CodeIgniter.php(361): CodeIgniter\CodeIgniter->handleRequest(null, Object(Config\Cache), false)
 4 FCPATH\index.php(79): CodeIgniter\CodeIgniter->run()
INFO - 2024-08-14 17:52:03 --> Session: Class initialized using 'CodeIgniter\Session\Handlers\FileHandler' driver.
WARNING - 2024-08-14 17:52:03 --> [DEPRECATED] Creation of dynamic property App\Controllers\Usuario::$session is deprecated in APPPATH\Controllers\Usuario.php on line 15.
 1 SYSTEMPATH\CodeIgniter.php(913): App\Controllers\Usuario->__construct()
 2 SYSTEMPATH\CodeIgniter.php(493): CodeIgniter\CodeIgniter->createController()
 3 SYSTEMPATH\CodeIgniter.php(361): CodeIgniter\CodeIgniter->handleRequest(null, Object(Config\Cache), false)
 4 FCPATH\index.php(79): CodeIgniter\CodeIgniter->run()
